Starting Nmap 7.91 ( https://nmap.org ) at 2021-12-29 08:25 EST
Initiating Ping Scan at 08:25
Scanning 10.10.11.111 [4 ports]
Completed Ping Scan at 08:25, 0.46s elapsed (1 total hosts)
Initiating Parallel DNS resolution of 1 host. at 08:25
Completed Parallel DNS resolution of 1 host. at 08:25, 0.03s elapsed
Initiating SYN Stealth Scan at 08:25
Scanning 10.10.11.111 [65535 ports]
Discovered open port 80/tcp on 10.10.11.111
Discovered open port 22/tcp on 10.10.11.111
Increasing send delay for 10.10.11.111 from 0 to 5 due to max_successful_tryno increase to 4
SYN Stealth Scan Timing: About 5.27% done; ETC: 08:35 (0:09:17 remaining)
SYN Stealth Scan Timing: About 5.84% done; ETC: 08:42 (0:16:23 remaining)
SYN Stealth Scan Timing: About 6.25% done; ETC: 08:49 (0:22:44 remaining)
Increasing send delay for 10.10.11.111 from 5 to 10 due to 892 out of 2973 dropped probes since last increase.
SYN Stealth Scan Timing: About 6.65% done; ETC: 08:55 (0:28:18 remaining)
SYN Stealth Scan Timing: About 7.03% done; ETC: 09:01 (0:33:16 remaining)
SYN Stealth Scan Timing: About 7.44% done; ETC: 09:05 (0:37:33 remaining)
SYN Stealth Scan Timing: About 7.80% done; ETC: 09:10 (0:41:35 remaining)
SYN Stealth Scan Timing: About 8.16% done; ETC: 09:14 (0:45:12 remaining)
SYN Stealth Scan Timing: About 8.52% done; ETC: 09:18 (0:48:28 remaining)
SYN Stealth Scan Timing: About 10.32% done; ETC: 09:15 (0:45:20 remaining)
SYN Stealth Scan Timing: About 12.12% done; ETC: 09:12 (0:41:26 remaining)
SYN Stealth Scan Timing: About 14.21% done; ETC: 09:09 (0:37:31 remaining)
SYN Stealth Scan Timing: About 16.09% done; ETC: 09:07 (0:35:02 remaining)
SYN Stealth Scan Timing: About 18.29% done; ETC: 09:05 (0:32:55 remaining)
SYN Stealth Scan Timing: About 20.39% done; ETC: 09:04 (0:30:54 remaining)
SYN Stealth Scan Timing: About 22.80% done; ETC: 09:02 (0:28:50 remaining)
SYN Stealth Scan Timing: About 25.41% done; ETC: 09:01 (0:26:55 remaining)
SYN Stealth Scan Timing: About 28.86% done; ETC: 09:00 (0:25:04 remaining)
SYN Stealth Scan Timing: About 32.35% done; ETC: 08:59 (0:23:15 remaining)
SYN Stealth Scan Timing: About 36.12% done; ETC: 08:59 (0:21:31 remaining)
SYN Stealth Scan Timing: About 40.76% done; ETC: 08:58 (0:19:48 remaining)
SYN Stealth Scan Timing: About 45.25% done; ETC: 08:58 (0:18:03 remaining)
SYN Stealth Scan Timing: About 50.28% done; ETC: 08:58 (0:16:23 remaining)
Increasing send delay for 10.10.11.111 from 10 to 20 due to max_successful_tryno increase to 5
Increasing send delay for 10.10.11.111 from 20 to 40 due to max_successful_tryno increase to 6
Increasing send delay for 10.10.11.111 from 40 to 80 due to max_successful_tryno increase to 7
Increasing send delay for 10.10.11.111 from 80 to 160 due to max_successful_tryno increase to 8
SYN Stealth Scan Timing: About 55.53% done; ETC: 09:05 (0:18:03 remaining)
SYN Stealth Scan Timing: About 59.44% done; ETC: 09:14 (0:20:05 remaining)
SYN Stealth Scan Timing: About 70.83% done; ETC: 09:35 (0:20:24 remaining)
Stats: 0:55:15 elapsed; 0 hosts completed (1 up), 1 undergoing SYN Stealth Scan
SYN Stealth Scan Timing: About 74.08% done; ETC: 09:39 (0:19:20 remaining)
SYN Stealth Scan Timing: About 81.35% done; ETC: 09:49 (0:15:36 remaining)
SYN Stealth Scan Timing: About 87.34% done; ETC: 09:55 (0:11:24 remaining)
SYN Stealth Scan Timing: About 92.76% done; ETC: 10:00 (0:06:53 remaining)
SYN Stealth Scan Timing: About 96.68% done; ETC: 10:03 (0:03:16 remaining)
SYN Stealth Scan Timing: About 98.54% done; ETC: 10:05 (0:01:27 remaining)
SYN Stealth Scan Timing: About 99.39% done; ETC: 10:05 (0:00:37 remaining)
Stats: 1:41:03 elapsed; 0 hosts completed (1 up), 1 undergoing SYN Stealth Scan
SYN Stealth Scan Timing: About 99.99% done; ETC: 10:06 (0:00:01 remaining)
Stats: 1:41:03 elapsed; 0 hosts completed (1 up), 1 undergoing SYN Stealth Scan
SYN Stealth Scan Timing: About 99.99% done; ETC: 10:06 (0:00:01 remaining)
Stats: 1:41:04 elapsed; 0 hosts completed (1 up), 1 undergoing SYN Stealth Scan
SYN Stealth Scan Timing: About 99.99% done; ETC: 10:06 (0:00:01 remaining)
Stats: 1:41:04 elapsed; 0 hosts completed (1 up), 1 undergoing SYN Stealth Scan
SYN Stealth Scan Timing: About 99.99% done; ETC: 10:06 (0:00:01 remaining)
Stats: 1:41:05 elapsed; 0 hosts completed (1 up), 1 undergoing SYN Stealth Scan
SYN Stealth Scan Timing: About 99.99% done; ETC: 10:06 (0:00:01 remaining)
Stats: 1:41:06 elapsed; 0 hosts completed (1 up), 1 undergoing SYN Stealth Scan
SYN Stealth Scan Timing: About 99.99% done; ETC: 10:06 (0:00:01 remaining)
Stats: 1:41:43 elapsed; 0 hosts completed (1 up), 1 undergoing SYN Stealth Scan
SYN Stealth Scan Timing: About 99.99% done; ETC: 10:07 (0:00:01 remaining)
